[2019-03-04 02:22:18] /project/soft/linux64/anaconda/Anaconda3-2018.12-Linux-x86_64/bin/cwl-runner 1.0.20181217162649
[2019-03-04 02:22:18] Resolved '/data/tony/Data/f2648579-ede5-4fc5-89c8-c540ed2588e4/workflow.cwl' to 'file:///data/tony/Data/f2648579-ede5-4fc5-89c8-c540ed2588e4/workflow.cwl'
[2019-03-04 02:22:21] [workflow ] start
[2019-03-04 02:22:21] [workflow ] starting step star_3
[2019-03-04 02:22:21] [step star_3] start
[2019-03-04 02:22:22] [job star_3] /tmp/db4yl2v9$ docker \
    run \
    -i \
    --volume=/tmp/db4yl2v9:/rwqBfz:rw \
    --volume=/tmp/6lj96gl0:/tmp:rw \
    --volume=/data/tony/RNASeq/tests/GenomeIndex:/var/lib/cwl/stge2666613-297f-4ee4-9239-3a4bf827c75a/GenomeIndex:ro \
    --volume=/data/tony/Data/f2648579-ede5-4fc5-89c8-c540ed2588e4/fastq/test2.1.fastq:/var/lib/cwl/stg8fd5edfb-f1ac-4027-aa0c-7b5358238f03/test2.1.fastq:ro \
    --volume=/data/tony/Data/f2648579-ede5-4fc5-89c8-c540ed2588e4/fastq/test2.2.fastq:/var/lib/cwl/stg71360ad1-b8ca-4efa-9df9-c57e603c88af/test2.2.fastq:ro \
    --workdir=/rwqBfz \
    --read-only=true \
    --user=201808:700 \
    --rm \
    --env=TMPDIR=/tmp \
    --env=HOME=/rwqBfz \
    --cidfile=/tmp/tmpbjg_eqf6/20190304022222-056587.cid \
    quay.io/biocontainers/star:2.6.0c--0 \
    /bin/sh \
    -c \
    'mkdir' 'test2' && cd 'test2' && STAR '' '--runThreadN' '2' '--genomeDir' '/var/lib/cwl/stge2666613-297f-4ee4-9239-3a4bf827c75a/GenomeIndex' '--readFilesIn' '/var/lib/cwl/stg8fd5edfb-f1ac-4027-aa0c-7b5358238f03/test2.1.fastq' '/var/lib/cwl/stg71360ad1-b8ca-4efa-9df9-c57e603c88af/test2.2.fastq' '--outFileNamePrefix' 'test2' '--outSAMstrandField' 'intronMotif'
Mar 04 02:22:22 ..... started STAR run
Mar 04 02:22:22 ..... loading genome
Mar 04 02:22:22 ..... started mapping
Mar 04 02:22:22 ..... finished successfully
[2019-03-04 02:22:23] [job star_3] Max memory used: 0MiB
[2019-03-04 02:22:23] [job star_3] completed success
[2019-03-04 02:22:23] [step star_3] completed success
[2019-03-04 02:22:23] [workflow ] starting step star_2
[2019-03-04 02:22:23] [step star_2] start
[2019-03-04 02:22:23] [job star_2] /tmp/4hpq9n1r$ docker \
    run \
    -i \
    --volume=/tmp/4hpq9n1r:/rwqBfz:rw \
    --volume=/tmp/h71cb0um:/tmp:rw \
    --volume=/data/tony/RNASeq/tests/GenomeIndex:/var/lib/cwl/stged6283e2-6c52-4e3c-8ecb-bbaff15ab1c3/GenomeIndex:ro \
    --volume=/data/tony/Data/f2648579-ede5-4fc5-89c8-c540ed2588e4/fastq/test3.fastq:/var/lib/cwl/stg3c102b23-fe3d-4057-a05d-cf81dae8a8d5/test3.fastq:ro \
    --workdir=/rwqBfz \
    --read-only=true \
    --user=201808:700 \
    --rm \
    --env=TMPDIR=/tmp \
    --env=HOME=/rwqBfz \
    --cidfile=/tmp/tmpma6xks50/20190304022223-192386.cid \
    quay.io/biocontainers/star:2.6.0c--0 \
    /bin/sh \
    -c \
    'mkdir' 'test3' && cd 'test3' && STAR '' '--runThreadN' '2' '--genomeDir' '/var/lib/cwl/stged6283e2-6c52-4e3c-8ecb-bbaff15ab1c3/GenomeIndex' '--readFilesIn' '/var/lib/cwl/stg3c102b23-fe3d-4057-a05d-cf81dae8a8d5/test3.fastq' '--outFileNamePrefix' 'test3' '--outSAMstrandField' 'intronMotif'
Mar 04 02:22:23 ..... started STAR run
Mar 04 02:22:23 ..... loading genome
Mar 04 02:22:23 ..... started mapping
Mar 04 02:22:23 ..... finished successfully
[2019-03-04 02:22:24] [job star_2] Max memory used: 0MiB
[2019-03-04 02:22:24] [job star_2] completed success
[2019-03-04 02:22:24] [step star_2] completed success
[2019-03-04 02:22:24] [workflow ] starting step star_1
[2019-03-04 02:22:24] [step star_1] start
[2019-03-04 02:22:24] [job star_1] /tmp/j519c6nm$ docker \
    run \
    -i \
    --volume=/tmp/j519c6nm:/rwqBfz:rw \
    --volume=/tmp/t9l0zrjq:/tmp:rw \
    --volume=/data/tony/RNASeq/tests/GenomeIndex:/var/lib/cwl/stg0a858bba-c1d9-4574-acea-0fe540b132e4/GenomeIndex:ro \
    --volume=/data/tony/Data/f2648579-ede5-4fc5-89c8-c540ed2588e4/fastq/test1.1.fastq:/var/lib/cwl/stg1d56668d-2d52-40a8-aa46-91cfb16dc0da/test1.1.fastq:ro \
    --volume=/data/tony/Data/f2648579-ede5-4fc5-89c8-c540ed2588e4/fastq/test1.2.fastq:/var/lib/cwl/stg3cc910c8-49f5-4ede-be5f-bcf27ef227d5/test1.2.fastq:ro \
    --workdir=/rwqBfz \
    --read-only=true \
    --user=201808:700 \
    --rm \
    --env=TMPDIR=/tmp \
    --env=HOME=/rwqBfz \
    --cidfile=/tmp/tmp955_szum/20190304022224-325435.cid \
    quay.io/biocontainers/star:2.6.0c--0 \
    /bin/sh \
    -c \
    'mkdir' 'test1' && cd 'test1' && STAR '' '--runThreadN' '2' '--genomeDir' '/var/lib/cwl/stg0a858bba-c1d9-4574-acea-0fe540b132e4/GenomeIndex' '--readFilesIn' '/var/lib/cwl/stg1d56668d-2d52-40a8-aa46-91cfb16dc0da/test1.1.fastq' '/var/lib/cwl/stg3cc910c8-49f5-4ede-be5f-bcf27ef227d5/test1.2.fastq' '--outFileNamePrefix' 'test1' '--outSAMstrandField' 'intronMotif'
Mar 04 02:22:24 ..... started STAR run
Mar 04 02:22:24 ..... loading genome
Mar 04 02:22:24 ..... started mapping
Mar 04 02:22:25 ..... finished successfully
[2019-03-04 02:22:25] [job star_1] Max memory used: 0MiB
[2019-03-04 02:22:25] [job star_1] completed success
[2019-03-04 02:22:25] [step star_1] completed success
[2019-03-04 02:22:25] [workflow ] starting step star_4
[2019-03-04 02:22:25] [step star_4] start
[2019-03-04 02:22:25] [job star_4] /tmp/rvcrm8c7$ docker \
    run \
    -i \
    --volume=/tmp/rvcrm8c7:/rwqBfz:rw \
    --volume=/tmp/pwut6pix:/tmp:rw \
    --volume=/data/tony/RNASeq/tests/GenomeIndex:/var/lib/cwl/stge7ea395f-4eb4-42db-8114-07352b314dc7/GenomeIndex:ro \
    --volume=/data/tony/Data/f2648579-ede5-4fc5-89c8-c540ed2588e4/fastq/test4.fastq:/var/lib/cwl/stge86f4403-12ce-44cd-97be-87bf5d03a2e0/test4.fastq:ro \
    --workdir=/rwqBfz \
    --read-only=true \
    --user=201808:700 \
    --rm \
    --env=TMPDIR=/tmp \
    --env=HOME=/rwqBfz \
    --cidfile=/tmp/tmpny3ruk2u/20190304022225-526209.cid \
    quay.io/biocontainers/star:2.6.0c--0 \
    /bin/sh \
    -c \
    'mkdir' 'test4' && cd 'test4' && STAR '' '--runThreadN' '2' '--genomeDir' '/var/lib/cwl/stge7ea395f-4eb4-42db-8114-07352b314dc7/GenomeIndex' '--readFilesIn' '/var/lib/cwl/stge86f4403-12ce-44cd-97be-87bf5d03a2e0/test4.fastq' '--outFileNamePrefix' 'test4' '--outSAMstrandField' 'intronMotif'
Mar 04 02:22:25 ..... started STAR run
Mar 04 02:22:25 ..... loading genome
Mar 04 02:22:25 ..... started mapping
Mar 04 02:22:26 ..... finished successfully
[2019-03-04 02:22:26] [job star_4] Max memory used: 0MiB
[2019-03-04 02:22:26] [job star_4] completed success
[2019-03-04 02:22:26] [step star_4] completed success
[2019-03-04 02:22:26] [workflow ] starting step star_samtools_4
[2019-03-04 02:22:26] [step star_samtools_4] start
[2019-03-04 02:22:26] [job star_samtools_4] /tmp/9qpzfl5b$ docker \
    run \
    -i \
    --volume=/tmp/9qpzfl5b:/rwqBfz:rw \
    --volume=/tmp/miylldow:/tmp:rw \
    --volume=/tmp/rvcrm8c7/test4/test4Aligned.out.sam:/var/lib/cwl/stg0af9aa38-93f9-4712-90fa-e7855e1e4896/test4Aligned.out.sam:ro \
    --workdir=/rwqBfz \
    --read-only=true \
    --user=201808:700 \
    --rm \
    --env=TMPDIR=/tmp \
    --env=HOME=/rwqBfz \
    --cidfile=/tmp/tmp8dj8l6mz/20190304022226-710381.cid \
    genomicpariscentre/samtools \
    samtools \
    sort \
    '-@' \
    2 \
    -o \
    test4.bam \
    /var/lib/cwl/stg0af9aa38-93f9-4712-90fa-e7855e1e4896/test4Aligned.out.sam
[2019-03-04 02:22:27] [job star_samtools_4] Max memory used: 0MiB
[2019-03-04 02:22:27] [job star_samtools_4] completed success
[2019-03-04 02:22:27] [step star_samtools_4] completed success
[2019-03-04 02:22:27] [workflow ] starting step star_samtools_3
[2019-03-04 02:22:27] [step star_samtools_3] start
[2019-03-04 02:22:27] [job star_samtools_3] /tmp/z_1ne_vu$ docker \
    run \
    -i \
    --volume=/tmp/z_1ne_vu:/rwqBfz:rw \
    --volume=/tmp/m1g0x2xy:/tmp:rw \
    --volume=/tmp/db4yl2v9/test2/test2Aligned.out.sam:/var/lib/cwl/stg86897023-0483-4acb-be8f-d7ae2b2ba638/test2Aligned.out.sam:ro \
    --workdir=/rwqBfz \
    --read-only=true \
    --user=201808:700 \
    --rm \
    --env=TMPDIR=/tmp \
    --env=HOME=/rwqBfz \
    --cidfile=/tmp/tmp01hbwf3_/20190304022227-809836.cid \
    genomicpariscentre/samtools \
    samtools \
    sort \
    '-@' \
    2 \
    -o \
    test2.bam \
    /var/lib/cwl/stg86897023-0483-4acb-be8f-d7ae2b2ba638/test2Aligned.out.sam
[2019-03-04 02:22:28] [job star_samtools_3] Max memory used: 0MiB
[2019-03-04 02:22:28] [job star_samtools_3] completed success
[2019-03-04 02:22:28] [step star_samtools_3] completed success
[2019-03-04 02:22:28] [workflow ] starting step star_samtools_stringtie_4
[2019-03-04 02:22:28] [step star_samtools_stringtie_4] start
[2019-03-04 02:22:28] [job star_samtools_stringtie_4] /tmp/u01h2tdt$ docker \
    run \
    -i \
    --volume=/tmp/u01h2tdt:/rwqBfz:rw \
    --volume=/tmp/2juuy353:/tmp:rw \
    --volume=/tmp/9qpzfl5b/test4.bam:/var/lib/cwl/stg5bbcaf8b-5b69-48f5-9757-e98b0ba81135/test4.bam:ro \
    --volume=/data/tony/RNASeq/tests/test.gtf:/var/lib/cwl/stgb612d2eb-2f0d-4828-a505-2354b558b16e/test.gtf:ro \
    --workdir=/rwqBfz \
    --read-only=true \
    --user=201808:700 \
    --rm \
    --env=TMPDIR=/tmp \
    --env=HOME=/rwqBfz \
    --cidfile=/tmp/tmplrrwp0n_/20190304022228-996107.cid \
    quay.io/biocontainers/stringtie:1.3.0--hd28b015_2 \
    stringtie \
    -eB \
    /var/lib/cwl/stg5bbcaf8b-5b69-48f5-9757-e98b0ba81135/test4.bam \
    -p \
    2 \
    -G \
    /var/lib/cwl/stgb612d2eb-2f0d-4828-a505-2354b558b16e/test.gtf \
    -o \
    test4.gtf
[2019-03-04 02:22:30] [job star_samtools_stringtie_4] Max memory used: 0MiB
[2019-03-04 02:22:30] [job star_samtools_stringtie_4] completed success
[2019-03-04 02:22:30] [step star_samtools_stringtie_4] completed success
[2019-03-04 02:22:30] [workflow ] starting step star_folder
[2019-03-04 02:22:30] [step star_folder] start
[2019-03-04 02:22:30] [step star_folder] completed success
[2019-03-04 02:22:30] [workflow ] starting step star_samtools_2
[2019-03-04 02:22:30] [step star_samtools_2] start
[2019-03-04 02:22:30] [job star_samtools_2] /tmp/aou_fzbf$ docker \
    run \
    -i \
    --volume=/tmp/aou_fzbf:/rwqBfz:rw \
    --volume=/tmp/5my_plhr:/tmp:rw \
    --volume=/tmp/4hpq9n1r/test3/test3Aligned.out.sam:/var/lib/cwl/stg8a48bc65-2c96-4f7c-a4ea-1c66e0cea3c9/test3Aligned.out.sam:ro \
    --workdir=/rwqBfz \
    --read-only=true \
    --user=201808:700 \
    --rm \
    --env=TMPDIR=/tmp \
    --env=HOME=/rwqBfz \
    --cidfile=/tmp/tmp0lwnqvjf/20190304022230-109742.cid \
    genomicpariscentre/samtools \
    samtools \
    sort \
    '-@' \
    2 \
    -o \
    test3.bam \
    /var/lib/cwl/stg8a48bc65-2c96-4f7c-a4ea-1c66e0cea3c9/test3Aligned.out.sam
[2019-03-04 02:22:31] [job star_samtools_2] Max memory used: 0MiB
[2019-03-04 02:22:31] [job star_samtools_2] completed success
[2019-03-04 02:22:31] [step star_samtools_2] completed success
[2019-03-04 02:22:31] [workflow ] starting step star_samtools_1
[2019-03-04 02:22:31] [step star_samtools_1] start
[2019-03-04 02:22:31] [job star_samtools_1] /tmp/3hd0qb2f$ docker \
    run \
    -i \
    --volume=/tmp/3hd0qb2f:/rwqBfz:rw \
    --volume=/tmp/3mxq49wq:/tmp:rw \
    --volume=/tmp/j519c6nm/test1/test1Aligned.out.sam:/var/lib/cwl/stg1c117760-bd62-46ff-97e0-dc51e6cc7bd0/test1Aligned.out.sam:ro \
    --workdir=/rwqBfz \
    --read-only=true \
    --user=201808:700 \
    --rm \
    --env=TMPDIR=/tmp \
    --env=HOME=/rwqBfz \
    --cidfile=/tmp/tmp3ab5ibcl/20190304022231-206266.cid \
    genomicpariscentre/samtools \
    samtools \
    sort \
    '-@' \
    2 \
    -o \
    test1.bam \
    /var/lib/cwl/stg1c117760-bd62-46ff-97e0-dc51e6cc7bd0/test1Aligned.out.sam
[2019-03-04 02:22:32] [job star_samtools_1] Max memory used: 0MiB
[2019-03-04 02:22:32] [job star_samtools_1] completed success
[2019-03-04 02:22:32] [step star_samtools_1] completed success
[2019-03-04 02:22:32] [workflow ] starting step star_samtools_stringtie_2
[2019-03-04 02:22:32] [step star_samtools_stringtie_2] start
[2019-03-04 02:22:32] [job star_samtools_stringtie_2] /tmp/ejnkt0yd$ docker \
    run \
    -i \
    --volume=/tmp/ejnkt0yd:/rwqBfz:rw \
    --volume=/tmp/n8pa3de1:/tmp:rw \
    --volume=/tmp/aou_fzbf/test3.bam:/var/lib/cwl/stg23ce2288-724b-4a17-8cac-e3c86842dd7e/test3.bam:ro \
    --volume=/data/tony/RNASeq/tests/test.gtf:/var/lib/cwl/stg8c973ce4-8102-4c0b-8eb2-bc0161fe1243/test.gtf:ro \
    --workdir=/rwqBfz \
    --read-only=true \
    --user=201808:700 \
    --rm \
    --env=TMPDIR=/tmp \
    --env=HOME=/rwqBfz \
    --cidfile=/tmp/tmpfyt8cmid/20190304022232-298859.cid \
    quay.io/biocontainers/stringtie:1.3.0--hd28b015_2 \
    stringtie \
    -eB \
    /var/lib/cwl/stg23ce2288-724b-4a17-8cac-e3c86842dd7e/test3.bam \
    -p \
    2 \
    -G \
    /var/lib/cwl/stg8c973ce4-8102-4c0b-8eb2-bc0161fe1243/test.gtf \
    -o \
    test3.gtf
[2019-03-04 02:22:33] [job star_samtools_stringtie_2] Max memory used: 0MiB
[2019-03-04 02:22:33] [job star_samtools_stringtie_2] completed success
[2019-03-04 02:22:33] [step star_samtools_stringtie_2] completed success
[2019-03-04 02:22:33] [workflow ] starting step star_samtools_stringtie_1
[2019-03-04 02:22:33] [step star_samtools_stringtie_1] start
[2019-03-04 02:22:33] [job star_samtools_stringtie_1] /tmp/0t692l07$ docker \
    run \
    -i \
    --volume=/tmp/0t692l07:/rwqBfz:rw \
    --volume=/tmp/n0zc05w1:/tmp:rw \
    --volume=/tmp/3hd0qb2f/test1.bam:/var/lib/cwl/stg18d494bb-3860-404c-95af-0d8e8d23e175/test1.bam:ro \
    --volume=/data/tony/RNASeq/tests/test.gtf:/var/lib/cwl/stgbe3f587f-b0d6-4a80-b04f-e2bffd86062d/test.gtf:ro \
    --workdir=/rwqBfz \
    --read-only=true \
    --user=201808:700 \
    --rm \
    --env=TMPDIR=/tmp \
    --env=HOME=/rwqBfz \
    --cidfile=/tmp/tmpau6ywi28/20190304022233-405331.cid \
    quay.io/biocontainers/stringtie:1.3.0--hd28b015_2 \
    stringtie \
    -eB \
    /var/lib/cwl/stg18d494bb-3860-404c-95af-0d8e8d23e175/test1.bam \
    -p \
    2 \
    -G \
    /var/lib/cwl/stgbe3f587f-b0d6-4a80-b04f-e2bffd86062d/test.gtf \
    -o \
    test1.gtf
[2019-03-04 02:22:34] [job star_samtools_stringtie_1] Max memory used: 0MiB
[2019-03-04 02:22:34] [job star_samtools_stringtie_1] completed success
[2019-03-04 02:22:34] [step star_samtools_stringtie_1] completed success
[2019-03-04 02:22:34] [workflow ] starting step star_samtools_folder
[2019-03-04 02:22:34] [step star_samtools_folder] start
[2019-03-04 02:22:34] [step star_samtools_folder] completed success
[2019-03-04 02:22:34] [workflow ] starting step star_samtools_stringtie_3
[2019-03-04 02:22:34] [step star_samtools_stringtie_3] start
[2019-03-04 02:22:34] [job star_samtools_stringtie_3] /tmp/q7xnk907$ docker \
    run \
    -i \
    --volume=/tmp/q7xnk907:/rwqBfz:rw \
    --volume=/tmp/_cf5e9tg:/tmp:rw \
    --volume=/tmp/z_1ne_vu/test2.bam:/var/lib/cwl/stg36abc0d9-470a-4290-b3e0-fa0bf572a335/test2.bam:ro \
    --volume=/data/tony/RNASeq/tests/test.gtf:/var/lib/cwl/stgd019ef85-8fb4-41d6-8a9c-414b60547ef5/test.gtf:ro \
    --workdir=/rwqBfz \
    --read-only=true \
    --user=201808:700 \
    --rm \
    --env=TMPDIR=/tmp \
    --env=HOME=/rwqBfz \
    --cidfile=/tmp/tmp1j5ier56/20190304022234-519282.cid \
    quay.io/biocontainers/stringtie:1.3.0--hd28b015_2 \
    stringtie \
    -eB \
    /var/lib/cwl/stg36abc0d9-470a-4290-b3e0-fa0bf572a335/test2.bam \
    -p \
    2 \
    -G \
    /var/lib/cwl/stgd019ef85-8fb4-41d6-8a9c-414b60547ef5/test.gtf \
    -o \
    test2.gtf
[2019-03-04 02:22:35] [job star_samtools_stringtie_3] Max memory used: 0MiB
[2019-03-04 02:22:35] [job star_samtools_stringtie_3] completed success
[2019-03-04 02:22:35] [step star_samtools_stringtie_3] completed success
[2019-03-04 02:22:35] [workflow ] starting step star_samtools_stringtie_prepde
[2019-03-04 02:22:35] [step star_samtools_stringtie_prepde] start
[2019-03-04 02:22:35] [job star_samtools_stringtie_prepde] /tmp/zm2505y0$ docker \
    run \
    -i \
    --volume=/tmp/zm2505y0:/rwqBfz:rw \
    --volume=/tmp/cb9_9t9f:/tmp:rw \
    --volume=/data/tony/RNASeq/scripts/prepDE.py:/var/lib/cwl/stg33db32b5-c13e-4384-a15a-e5e1a2207bcb/prepDE.py:ro \
    --volume=/tmp/0t692l07/test1.gtf:/var/lib/cwl/stg03f5cf13-f817-4bee-9a65-44291020c237/test1.gtf:ro \
    --volume=/tmp/ejnkt0yd/test3.gtf:/var/lib/cwl/stg2f64016b-ccb7-42b0-8138-b12f85f3714c/test3.gtf:ro \
    --volume=/tmp/q7xnk907/test2.gtf:/var/lib/cwl/stgaa52caa5-d186-4efa-8cd8-66c315990fc3/test2.gtf:ro \
    --volume=/tmp/u01h2tdt/test4.gtf:/var/lib/cwl/stgd31053a5-91cc-431d-bf83-dc569895299e/test4.gtf:ro \
    --workdir=/rwqBfz \
    --read-only=true \
    --user=201808:700 \
    --rm \
    --env=TMPDIR=/tmp \
    --env=HOME=/rwqBfz \
    --cidfile=/tmp/tmpkemz1lh3/20190304022235-700676.cid \
    python:2.7.15-slim \
    /bin/sh \
    -c \
    'python2' '-c' 'import json
with open("inputs.json") as file:
    inputs = json.load(file)
with open("sample_lst.txt", "w") as txt:
    for i in range(len(inputs["inputs"])):
        txt.write(inputs["inputs"][i]["nameroot"]
                  + " "
                  + inputs["inputs"][i]["path"]
                  + "\n")
' && 'python2' '/var/lib/cwl/stg33db32b5-c13e-4384-a15a-e5e1a2207bcb/prepDE.py' '-i' 'sample_lst.txt'
0 test1
1 test2
2 test3
3 test4
[2019-03-04 02:22:36] [job star_samtools_stringtie_prepde] Max memory used: 0MiB
[2019-03-04 02:22:36] [job star_samtools_stringtie_prepde] completed success
[2019-03-04 02:22:36] [step star_samtools_stringtie_prepde] completed success
[2019-03-04 02:22:36] [workflow ] starting step star_samtools_stringtie_folder
[2019-03-04 02:22:36] [step star_samtools_stringtie_folder] start
[2019-03-04 02:22:36] [step star_samtools_stringtie_folder] completed success
[2019-03-04 02:22:36] [workflow ] starting step star_samtools_stringtie_prepde_deseq2
[2019-03-04 02:22:36] [step star_samtools_stringtie_prepde_deseq2] start
[2019-03-04 02:22:36] [job star_samtools_stringtie_prepde_deseq2] /tmp/mmvbqjrc$ docker \
    run \
    -i \
    --volume=/tmp/mmvbqjrc:/rwqBfz:rw \
    --volume=/tmp/qyuu80nm:/tmp:rw \
    --volume=/tmp/zm2505y0/gene_count_matrix.csv:/var/lib/cwl/stgbfb1fed1-d349-4a58-91a1-04b2409213f6/gene_count_matrix.csv:ro \
    --volume=/data/tony/RNASeq/scripts/Basic_DESeq2.R:/var/lib/cwl/stg3c01b5ae-9178-4968-8be4-25730fe6fcdc/Basic_DESeq2.R:ro \
    --volume=/data/tony/Data/f2648579-ede5-4fc5-89c8-c540ed2588e4/metadata.csv:/var/lib/cwl/stgd57a492d-152c-4cf9-9758-23b9d5829129/metadata.csv:ro \
    --workdir=/rwqBfz \
    --read-only=true \
    --user=201808:700 \
    --rm \
    --env=TMPDIR=/tmp \
    --env=HOME=/rwqBfz \
    --cidfile=/tmp/tmps1sleq9f/20190304022236-880773.cid \
    biowardrobe2/scidap-deseq:v0.0.5 \
    Rscript \
    /var/lib/cwl/stg3c01b5ae-9178-4968-8be4-25730fe6fcdc/Basic_DESeq2.R \
    --count_matrix \
    /var/lib/cwl/stgbfb1fed1-d349-4a58-91a1-04b2409213f6/gene_count_matrix.csv \
    --metadata \
    /var/lib/cwl/stgd57a492d-152c-4cf9-9758-23b9d5829129/metadata.csv
Warning message:
replacing previous import by 'RSQLite::Id' when loading 'AnnotationDbi' 
estimating size factors
estimating dispersions
gene-wise dispersion estimates
mean-dispersion relationship
final dispersion estimates
fitting model and testing
[2019-03-04 02:22:46] [job star_samtools_stringtie_prepde_deseq2] Max memory used: 25744MiB
[2019-03-04 02:22:46] [job star_samtools_stringtie_prepde_deseq2] completed success
[2019-03-04 02:22:46] [step star_samtools_stringtie_prepde_deseq2] completed success
[2019-03-04 02:22:46] [workflow ] starting step star_samtools_stringtie_prepde_deseq2_folder
[2019-03-04 02:22:46] [step star_samtools_stringtie_prepde_deseq2_folder] start
[2019-03-04 02:22:46] [step star_samtools_stringtie_prepde_deseq2_folder] completed success
[2019-03-04 02:22:46] [workflow ] starting step prepde_folder
[2019-03-04 02:22:46] [step prepde_folder] start
[2019-03-04 02:22:46] [step prepde_folder] completed success
[2019-03-04 02:22:46] [workflow ] completed success
{
    "prepde_out": {
        "class": "Directory",
        "basename": "star_samtools_stringtie_prepde",
        "listing": [
            {
                "location": "file:///data/tony/Data/f2648579-ede5-4fc5-89c8-c540ed2588e4/output/star_samtools_stringtie_prepde/gene_count_matrix.csv",
                "basename": "gene_count_matrix.csv",
                "class": "File",
                "checksum": "sha1$87ed2c6ba29382aa783cd920e620ceea504161d0",
                "size": 81,
                "path": "/data/tony/Data/f2648579-ede5-4fc5-89c8-c540ed2588e4/output/star_samtools_stringtie_prepde/gene_count_matrix.csv"
            },
            {
                "location": "file:///data/tony/Data/f2648579-ede5-4fc5-89c8-c540ed2588e4/output/star_samtools_stringtie_prepde/transcript_count_matrix.csv",
                "basename": "transcript_count_matrix.csv",
                "class": "File",
                "checksum": "sha1$e1821bceef6f78795c68ed55c6df0bd3e21d4f65",
                "size": 110,
                "path": "/data/tony/Data/f2648579-ede5-4fc5-89c8-c540ed2588e4/output/star_samtools_stringtie_prepde/transcript_count_matrix.csv"
            }
        ],
        "location": "file:///data/tony/Data/f2648579-ede5-4fc5-89c8-c540ed2588e4/output/star_samtools_stringtie_prepde",
        "path": "/data/tony/Data/f2648579-ede5-4fc5-89c8-c540ed2588e4/output/star_samtools_stringtie_prepde"
    },
    "star_out": {
        "class": "Directory",
        "basename": "star",
        "listing": [
            {
                "location": "file:///data/tony/Data/f2648579-ede5-4fc5-89c8-c540ed2588e4/output/star/test1",
                "basename": "test1",
                "class": "Directory",
                "listing": [
                    {
                        "class": "File",
                        "location": "file:///data/tony/Data/f2648579-ede5-4fc5-89c8-c540ed2588e4/output/star/test1/test1Log.out",
                        "basename": "test1Log.out",
                        "size": 17530,
                        "checksum": "sha1$d7c7c77f7ea1b6055c56dd84a2348efcb134061a",
                        "path": "/data/tony/Data/f2648579-ede5-4fc5-89c8-c540ed2588e4/output/star/test1/test1Log.out"
                    },
                    {
                        "class": "File",
                        "location": "file:///data/tony/Data/f2648579-ede5-4fc5-89c8-c540ed2588e4/output/star/test1/test1Log.progress.out",
                        "basename": "test1Log.progress.out",
                        "size": 246,
                        "checksum": "sha1$8d21cdf30195c9132cea49b138d09d80a6edd00c",
                        "path": "/data/tony/Data/f2648579-ede5-4fc5-89c8-c540ed2588e4/output/star/test1/test1Log.progress.out"
                    },
                    {
                        "class": "File",
                        "location": "file:///data/tony/Data/f2648579-ede5-4fc5-89c8-c540ed2588e4/output/star/test1/test1Aligned.out.sam",
                        "basename": "test1Aligned.out.sam",
                        "size": 1203414,
                        "checksum": "sha1$bf2384c4f4970604fbf918d7df82440e0fd9576a",
                        "path": "/data/tony/Data/f2648579-ede5-4fc5-89c8-c540ed2588e4/output/star/test1/test1Aligned.out.sam"
                    },
                    {
                        "class": "File",
                        "location": "file:///data/tony/Data/f2648579-ede5-4fc5-89c8-c540ed2588e4/output/star/test1/test1SJ.out.tab",
                        "basename": "test1SJ.out.tab",
                        "size": 121,
                        "checksum": "sha1$cb0ec5ed24298b4976b3164627dddb408b69c86b",
                        "path": "/data/tony/Data/f2648579-ede5-4fc5-89c8-c540ed2588e4/output/star/test1/test1SJ.out.tab"
                    },
                    {
                        "class": "File",
                        "location": "file:///data/tony/Data/f2648579-ede5-4fc5-89c8-c540ed2588e4/output/star/test1/test1Log.final.out",
                        "basename": "test1Log.final.out",
                        "size": 1821,
                        "checksum": "sha1$df0252e4e94535c0de7361c294d782b7e4f4c178",
                        "path": "/data/tony/Data/f2648579-ede5-4fc5-89c8-c540ed2588e4/output/star/test1/test1Log.final.out"
                    }
                ],
                "path": "/data/tony/Data/f2648579-ede5-4fc5-89c8-c540ed2588e4/output/star/test1"
            },
            {
                "location": "file:///data/tony/Data/f2648579-ede5-4fc5-89c8-c540ed2588e4/output/star/test3",
                "basename": "test3",
                "class": "Directory",
                "listing": [
                    {
                        "class": "File",
                        "location": "file:///data/tony/Data/f2648579-ede5-4fc5-89c8-c540ed2588e4/output/star/test3/test3Log.out",
                        "basename": "test3Log.out",
                        "size": 17177,
                        "checksum": "sha1$8eda676e74b209898d33c008d6aaffcdbd17af1f",
                        "path": "/data/tony/Data/f2648579-ede5-4fc5-89c8-c540ed2588e4/output/star/test3/test3Log.out"
                    },
                    {
                        "class": "File",
                        "location": "file:///data/tony/Data/f2648579-ede5-4fc5-89c8-c540ed2588e4/output/star/test3/test3Log.progress.out",
                        "basename": "test3Log.progress.out",
                        "size": 246,
                        "checksum": "sha1$8d21cdf30195c9132cea49b138d09d80a6edd00c",
                        "path": "/data/tony/Data/f2648579-ede5-4fc5-89c8-c540ed2588e4/output/star/test3/test3Log.progress.out"
                    },
                    {
                        "class": "File",
                        "location": "file:///data/tony/Data/f2648579-ede5-4fc5-89c8-c540ed2588e4/output/star/test3/test3Aligned.out.sam",
                        "basename": "test3Aligned.out.sam",
                        "size": 722581,
                        "checksum": "sha1$96d14e332cec3477512c5a13be84b0484306fec8",
                        "path": "/data/tony/Data/f2648579-ede5-4fc5-89c8-c540ed2588e4/output/star/test3/test3Aligned.out.sam"
                    },
                    {
                        "class": "File",
                        "location": "file:///data/tony/Data/f2648579-ede5-4fc5-89c8-c540ed2588e4/output/star/test3/test3SJ.out.tab",
                        "basename": "test3SJ.out.tab",
                        "size": 120,
                        "checksum": "sha1$1038f8816c6c84c1b2fbd3c7f4255e54f648e3c1",
                        "path": "/data/tony/Data/f2648579-ede5-4fc5-89c8-c540ed2588e4/output/star/test3/test3SJ.out.tab"
                    },
                    {
                        "class": "File",
                        "location": "file:///data/tony/Data/f2648579-ede5-4fc5-89c8-c540ed2588e4/output/star/test3/test3Log.final.out",
                        "basename": "test3Log.final.out",
                        "size": 1820,
                        "checksum": "sha1$123a5a406d8be66b5f5efda27666a30ca25cdbb3",
                        "path": "/data/tony/Data/f2648579-ede5-4fc5-89c8-c540ed2588e4/output/star/test3/test3Log.final.out"
                    }
                ],
                "path": "/data/tony/Data/f2648579-ede5-4fc5-89c8-c540ed2588e4/output/star/test3"
            },
            {
                "location": "file:///data/tony/Data/f2648579-ede5-4fc5-89c8-c540ed2588e4/output/star/test2",
                "basename": "test2",
                "class": "Directory",
                "listing": [
                    {
                        "class": "File",
                        "location": "file:///data/tony/Data/f2648579-ede5-4fc5-89c8-c540ed2588e4/output/star/test2/test2Log.out",
                        "basename": "test2Log.out",
                        "size": 17530,
                        "checksum": "sha1$bf637f9927ca9f24bcdb3b9ca00a7594a76b9f2a",
                        "path": "/data/tony/Data/f2648579-ede5-4fc5-89c8-c540ed2588e4/output/star/test2/test2Log.out"
                    },
                    {
                        "class": "File",
                        "location": "file:///data/tony/Data/f2648579-ede5-4fc5-89c8-c540ed2588e4/output/star/test2/test2Log.progress.out",
                        "basename": "test2Log.progress.out",
                        "size": 246,
                        "checksum": "sha1$8d21cdf30195c9132cea49b138d09d80a6edd00c",
                        "path": "/data/tony/Data/f2648579-ede5-4fc5-89c8-c540ed2588e4/output/star/test2/test2Log.progress.out"
                    },
                    {
                        "class": "File",
                        "location": "file:///data/tony/Data/f2648579-ede5-4fc5-89c8-c540ed2588e4/output/star/test2/test2Aligned.out.sam",
                        "basename": "test2Aligned.out.sam",
                        "size": 291718,
                        "checksum": "sha1$69477c76377dc9ba1bea3ad3626ea36cc2ec230f",
                        "path": "/data/tony/Data/f2648579-ede5-4fc5-89c8-c540ed2588e4/output/star/test2/test2Aligned.out.sam"
                    },
                    {
                        "class": "File",
                        "location": "file:///data/tony/Data/f2648579-ede5-4fc5-89c8-c540ed2588e4/output/star/test2/test2SJ.out.tab",
                        "basename": "test2SJ.out.tab",
                        "size": 118,
                        "checksum": "sha1$cda8e85dcefbfbbf86c9f735cd05ab9718b331b4",
                        "path": "/data/tony/Data/f2648579-ede5-4fc5-89c8-c540ed2588e4/output/star/test2/test2SJ.out.tab"
                    },
                    {
                        "class": "File",
                        "location": "file:///data/tony/Data/f2648579-ede5-4fc5-89c8-c540ed2588e4/output/star/test2/test2Log.final.out",
                        "basename": "test2Log.final.out",
                        "size": 1815,
                        "checksum": "sha1$cb9f539e7f422d25a5f6b580724afad678b8e945",
                        "path": "/data/tony/Data/f2648579-ede5-4fc5-89c8-c540ed2588e4/output/star/test2/test2Log.final.out"
                    }
                ],
                "path": "/data/tony/Data/f2648579-ede5-4fc5-89c8-c540ed2588e4/output/star/test2"
            },
            {
                "location": "file:///data/tony/Data/f2648579-ede5-4fc5-89c8-c540ed2588e4/output/star/test4",
                "basename": "test4",
                "class": "Directory",
                "listing": [
                    {
                        "class": "File",
                        "location": "file:///data/tony/Data/f2648579-ede5-4fc5-89c8-c540ed2588e4/output/star/test4/test4Log.out",
                        "basename": "test4Log.out",
                        "size": 17177,
                        "checksum": "sha1$e28a011f7987838f21e729b7acdca6bd9fa967f3",
                        "path": "/data/tony/Data/f2648579-ede5-4fc5-89c8-c540ed2588e4/output/star/test4/test4Log.out"
                    },
                    {
                        "class": "File",
                        "location": "file:///data/tony/Data/f2648579-ede5-4fc5-89c8-c540ed2588e4/output/star/test4/test4Log.progress.out",
                        "basename": "test4Log.progress.out",
                        "size": 246,
                        "checksum": "sha1$8d21cdf30195c9132cea49b138d09d80a6edd00c",
                        "path": "/data/tony/Data/f2648579-ede5-4fc5-89c8-c540ed2588e4/output/star/test4/test4Log.progress.out"
                    },
                    {
                        "class": "File",
                        "location": "file:///data/tony/Data/f2648579-ede5-4fc5-89c8-c540ed2588e4/output/star/test4/test4Aligned.out.sam",
                        "basename": "test4Aligned.out.sam",
                        "size": 161476,
                        "checksum": "sha1$933f9c37d59e989eba42a4e3d1c854ad7bc8bd78",
                        "path": "/data/tony/Data/f2648579-ede5-4fc5-89c8-c540ed2588e4/output/star/test4/test4Aligned.out.sam"
                    },
                    {
                        "class": "File",
                        "location": "file:///data/tony/Data/f2648579-ede5-4fc5-89c8-c540ed2588e4/output/star/test4/test4SJ.out.tab",
                        "basename": "test4SJ.out.tab",
                        "size": 118,
                        "checksum": "sha1$d30b2f91d550ede529900712ab30b0937c35b133",
                        "path": "/data/tony/Data/f2648579-ede5-4fc5-89c8-c540ed2588e4/output/star/test4/test4SJ.out.tab"
                    },
                    {
                        "class": "File",
                        "location": "file:///data/tony/Data/f2648579-ede5-4fc5-89c8-c540ed2588e4/output/star/test4/test4Log.final.out",
                        "basename": "test4Log.final.out",
                        "size": 1816,
                        "checksum": "sha1$b12eb17d5dd366d6bc177ecd5be0000d03004d38",
                        "path": "/data/tony/Data/f2648579-ede5-4fc5-89c8-c540ed2588e4/output/star/test4/test4Log.final.out"
                    }
                ],
                "path": "/data/tony/Data/f2648579-ede5-4fc5-89c8-c540ed2588e4/output/star/test4"
            }
        ],
        "location": "file:///data/tony/Data/f2648579-ede5-4fc5-89c8-c540ed2588e4/output/star",
        "path": "/data/tony/Data/f2648579-ede5-4fc5-89c8-c540ed2588e4/output/star"
    },
    "star_samtools_out": {
        "class": "Directory",
        "basename": "star_samtools",
        "listing": [
            {
                "location": "file:///data/tony/Data/f2648579-ede5-4fc5-89c8-c540ed2588e4/output/star_samtools/test1.bam",
                "basename": "test1.bam",
                "class": "File",
                "checksum": "sha1$bad688a6c4fa80f44f1673a3c3540b8e559c31e5",
                "size": 329535,
                "path": "/data/tony/Data/f2648579-ede5-4fc5-89c8-c540ed2588e4/output/star_samtools/test1.bam"
            },
            {
                "location": "file:///data/tony/Data/f2648579-ede5-4fc5-89c8-c540ed2588e4/output/star_samtools/test3.bam",
                "basename": "test3.bam",
                "class": "File",
                "checksum": "sha1$c2df5defc6d558ba8d1ddd94bd4eaac4f201b61e",
                "size": 197197,
                "path": "/data/tony/Data/f2648579-ede5-4fc5-89c8-c540ed2588e4/output/star_samtools/test3.bam"
            },
            {
                "location": "file:///data/tony/Data/f2648579-ede5-4fc5-89c8-c540ed2588e4/output/star_samtools/test2.bam",
                "basename": "test2.bam",
                "class": "File",
                "checksum": "sha1$5a5bbbe03188ce8172db12df90cb604e96e29e37",
                "size": 82625,
                "path": "/data/tony/Data/f2648579-ede5-4fc5-89c8-c540ed2588e4/output/star_samtools/test2.bam"
            },
            {
                "location": "file:///data/tony/Data/f2648579-ede5-4fc5-89c8-c540ed2588e4/output/star_samtools/test4.bam",
                "basename": "test4.bam",
                "class": "File",
                "checksum": "sha1$2ee298af9404c574cdae91fccef6178f1bca84a8",
                "size": 46329,
                "path": "/data/tony/Data/f2648579-ede5-4fc5-89c8-c540ed2588e4/output/star_samtools/test4.bam"
            }
        ],
        "location": "file:///data/tony/Data/f2648579-ede5-4fc5-89c8-c540ed2588e4/output/star_samtools",
        "path": "/data/tony/Data/f2648579-ede5-4fc5-89c8-c540ed2588e4/output/star_samtools"
    },
    "star_samtools_stringtie_out": {
        "class": "Directory",
        "basename": "star_samtools_stringtie",
        "listing": [
            {
                "location": "file:///data/tony/Data/f2648579-ede5-4fc5-89c8-c540ed2588e4/output/star_samtools_stringtie/test1.gtf",
                "basename": "test1.gtf",
                "class": "File",
                "checksum": "sha1$1912f3a2e1324e3109740a867bcb2095377654de",
                "size": 1427,
                "path": "/data/tony/Data/f2648579-ede5-4fc5-89c8-c540ed2588e4/output/star_samtools_stringtie/test1.gtf"
            },
            {
                "location": "file:///data/tony/Data/f2648579-ede5-4fc5-89c8-c540ed2588e4/output/star_samtools_stringtie/test3.gtf",
                "basename": "test3.gtf",
                "class": "File",
                "checksum": "sha1$d5f08fe39c7c92f1d47b8558fea4803ae7de4504",
                "size": 1426,
                "path": "/data/tony/Data/f2648579-ede5-4fc5-89c8-c540ed2588e4/output/star_samtools_stringtie/test3.gtf"
            },
            {
                "location": "file:///data/tony/Data/f2648579-ede5-4fc5-89c8-c540ed2588e4/output/star_samtools_stringtie/test2.gtf",
                "basename": "test2.gtf",
                "class": "File",
                "checksum": "sha1$d444a1064a64931fbb74416dcd86b0a8f4f9df8f",
                "size": 1427,
                "path": "/data/tony/Data/f2648579-ede5-4fc5-89c8-c540ed2588e4/output/star_samtools_stringtie/test2.gtf"
            },
            {
                "location": "file:///data/tony/Data/f2648579-ede5-4fc5-89c8-c540ed2588e4/output/star_samtools_stringtie/test4.gtf",
                "basename": "test4.gtf",
                "class": "File",
                "checksum": "sha1$39f5afa846af7298f6d3c57c823b31c4e38720cb",
                "size": 1425,
                "path": "/data/tony/Data/f2648579-ede5-4fc5-89c8-c540ed2588e4/output/star_samtools_stringtie/test4.gtf"
            }
        ],
        "location": "file:///data/tony/Data/f2648579-ede5-4fc5-89c8-c540ed2588e4/output/star_samtools_stringtie",
        "path": "/data/tony/Data/f2648579-ede5-4fc5-89c8-c540ed2588e4/output/star_samtools_stringtie"
    },
    "star_samtools_stringtie_prepde_deseq2_out": {
        "class": "Directory",
        "basename": "star_samtools_stringtie_prepde_deseq2",
        "listing": [
            {
                "location": "file:///data/tony/Data/f2648579-ede5-4fc5-89c8-c540ed2588e4/output/star_samtools_stringtie_prepde_deseq2/groupNormal-groupTumour_DGE_results.csv",
                "basename": "groupNormal-groupTumour_DGE_results.csv",
                "class": "File",
                "checksum": "sha1$0161610474f665d56fcea107f0bbc6e2d32c8034",
                "size": 302,
                "path": "/data/tony/Data/f2648579-ede5-4fc5-89c8-c540ed2588e4/output/star_samtools_stringtie_prepde_deseq2/groupNormal-groupTumour_DGE_results.csv"
            }
        ],
        "location": "file:///data/tony/Data/f2648579-ede5-4fc5-89c8-c540ed2588e4/output/star_samtools_stringtie_prepde_deseq2",
        "path": "/data/tony/Data/f2648579-ede5-4fc5-89c8-c540ed2588e4/output/star_samtools_stringtie_prepde_deseq2"
    }
}
[2019-03-04 02:22:46] Final process status is success
